Building DAG of jobs...
Using shell: /bin/bash
Provided cores: 1 (use --cores to define parallelism)
Rules claiming more threads will be scaled down.
Job counts:
	count	jobs
	1	run_grit_grapher_R
	1

[Fri Mar  5 12:53:31 2021]
rule run_grit_grapher_R:
    jobid: 0

[Fri Mar  5 12:53:33 2021]
Error in rule run_grit_grapher_R:
    jobid: 0
    shell:
        Rscript scripts/grit_graphs.R
        (one of the commands exited with non-zero exit code; note that snakemake uses bash strict mode!)

Shutting down, this might take some time.
Exiting because a job execution failed. Look above for error message
Complete log: /Users/dp24/Documents/grit-realtime/.snakemake/log/2021-03-05T125331.862924.snakemake.log
