Building DAG of jobs...
Using shell: /bin/bash
Provided cores: 1 (use --cores to define parallelism)
Rules claiming more threads will be scaled down.
Job counts:
	count	jobs
	1	run_jira_connect_python
	1

[Fri Mar  5 11:53:04 2021]
rule run_jira_connect_python:
    jobid: 0

[Fri Mar  5 11:53:15 2021]
Error in rule run_jira_connect_python:
    jobid: 0
    shell:
        python3 scripts/jira_connect.py -USER dp24 -PASS SamWinDam12!
        (one of the commands exited with non-zero exit code; note that snakemake uses bash strict mode!)

Shutting down, this might take some time.
Exiting because a job execution failed. Look above for error message
Complete log: /Users/dp24/Documents/grit-realtime/.snakemake/log/2021-03-05T115304.716619.snakemake.log
